_extensions/audio-bridge/app/app/build/intermediates/manifest_merge_blame_file/debug/manifest-merger-blame-debug-report.txt
1<?xml version="1.0" encoding="utf-8"?>
2<manifest xmlns:android="http://schemas.android.com/apk/res/android"
3    package="net.kckern.audiobridge"
4    android:versionCode="1"
5    android:versionName="1.0" >
6
7    <uses-sdk
8        android:minSdkVersion="30"
8-->src/main/AndroidManifest.xml
9        android:targetSdkVersion="33" />
9-->src/main/AndroidManifest.xml
10
11    <uses-permission android:name="android.permission.RECORD_AUDIO" />
11-->src/main/AndroidManifest.xml:5:5-71
11-->src/main/AndroidManifest.xml:5:22-68
12    <uses-permission android:name="android.permission.FOREGROUND_SERVICE" />
12-->src/main/AndroidManifest.xml:6:5-77
12-->src/main/AndroidManifest.xml:6:22-74
13    <uses-permission android:name="android.permission.RECEIVE_BOOT_COMPLETED" />
13-->src/main/AndroidManifest.xml:7:5-81
13-->src/main/AndroidManifest.xml:7:22-78
14    <uses-permission android:name="android.permission.INTERNET" />
14-->src/main/AndroidManifest.xml:8:5-67
14-->src/main/AndroidManifest.xml:8:22-64
15
16    <application
16-->src/main/AndroidManifest.xml:10:5-37:19
17        android:allowBackup="false"
17-->src/main/AndroidManifest.xml:12:9-36
18        android:debuggable="true"
19        android:extractNativeLibs="false"
20        android:label="AudioBridge" >
20-->src/main/AndroidManifest.xml:11:9-36
21        <activity
21-->src/main/AndroidManifest.xml:14:9-22:20
22            android:name="net.kckern.audiobridge.MainActivity"
22-->src/main/AndroidManifest.xml:15:13-41
23            android:exported="true"
23-->src/main/AndroidManifest.xml:16:13-36
24            android:theme="@android:style/Theme.NoDisplay" >
24-->src/main/AndroidManifest.xml:17:13-59
25            <intent-filter>
25-->src/main/AndroidManifest.xml:18:13-21:29
26                <action android:name="android.intent.action.MAIN" />
26-->src/main/AndroidManifest.xml:19:17-69
26-->src/main/AndroidManifest.xml:19:25-66
27
28                <category android:name="android.intent.category.LEANBACK_LAUNCHER" />
28-->src/main/AndroidManifest.xml:20:17-86
28-->src/main/AndroidManifest.xml:20:27-83
29            </intent-filter>
30        </activity>
31
32        <service
32-->src/main/AndroidManifest.xml:24:9-27:58
33            android:name="net.kckern.audiobridge.AudioBridgeService"
33-->src/main/AndroidManifest.xml:25:13-47
34            android:exported="false"
34-->src/main/AndroidManifest.xml:26:13-37
35            android:foregroundServiceType="microphone" />
35-->src/main/AndroidManifest.xml:27:13-55
36
37        <receiver
37-->src/main/AndroidManifest.xml:29:9-35:20
38            android:name="net.kckern.audiobridge.BootReceiver"
38-->src/main/AndroidManifest.xml:30:13-41
39            android:exported="true" >
39-->src/main/AndroidManifest.xml:31:13-36
40            <intent-filter>
40-->src/main/AndroidManifest.xml:32:13-34:29
41                <action android:name="android.intent.action.BOOT_COMPLETED" />
41-->src/main/AndroidManifest.xml:33:17-79
41-->src/main/AndroidManifest.xml:33:25-76
42            </intent-filter>
43        </receiver>
44    </application>
45
46</manifest>